{"level":"info","message":"\r","timestamp":"2017-05-05T08:23:15.116Z"}
{"level":"info","message":"\r","timestamp":"2017-05-05T08:24:29.083Z"}
{"level":"info","message":"\r","timestamp":"2017-05-05T08:24:36.710Z"}
{"level":"info","message":"","timestamp":"2017-05-05T08:24:48.824Z"}
{"level":"info","message":"","timestamp":"2017-05-05T08:25:15.450Z"}
{"level":"info","message":"","timestamp":"2017-05-05T08:25:44.492Z"}
{"level":"info","message":"","timestamp":"2017-05-05T08:27:36.713Z"}
{"level":"info","message":"","timestamp":"2017-05-05T08:28:52.395Z"}
{"level":"info","message":"","timestamp":"2017-05-05T08:31:20.083Z"}
{"level":"info","message":"","timestamp":"2017-05-05T08:31:31.875Z"}
{"level":"info","message":"status:OK\r","timestamp":"2017-05-05T08:32:08.849Z"}
{"level":"info","message":"status:OK\r","timestamp":"2017-05-05T08:32:34.248Z"}
{"level":"info","message":"status:OK\r","timestamp":"2017-05-05T08:32:42.106Z"}
{"level":"info","message":"status:OK\r","timestamp":"2017-05-05T08:32:50.457Z"}
{"level":"info","message":"status:OK\r","timestamp":"2017-05-05T08:33:01.175Z"}
{"level":"info","message":"status:OK\r","timestamp":"2017-05-05T08:33:42.017Z"}
{"level":"info","message":"status:OK\r","timestamp":"2017-05-05T08:34:17.520Z"}
{"level":"info","message":"status:OK#host:localhost\r","timestamp":"2017-05-05T08:37:10.958Z"}
{"level":"info","message":"status:OK#host:localhost\r","timestamp":"2017-05-05T08:37:25.655Z"}
{"level":"info","message":"status:OK#host:localhost\r","timestamp":"2017-05-05T08:37:52.834Z"}
{"level":"info","message":"status:OK#host:localhost\r","timestamp":"2017-05-05T08:38:03.063Z"}
{"level":"info","message":"status:OK#host:localhost\r","timestamp":"2017-05-05T08:38:20.004Z"}
{"level":"info","message":"status:OK#host:localhost\r","timestamp":"2017-05-05T08:39:28.500Z"}
{"level":"info","message":"status:OK#host:localhost\r","timestamp":"2017-05-05T08:39:36.298Z"}
{"level":"info","message":"status:OK#host:localhost#trigger:This is a test trigger\r","timestamp":"2017-05-05T08:40:06.569Z"}
{"level":"info","message":"status:OK#host:localhost#trigger:This is a test trigger\r","timestamp":"2017-05-05T08:40:23.600Z"}
{"level":"info","message":"status:PROBLEM#host:localhost#trigger:This is a test trigger\r","timestamp":"2017-05-05T08:40:34.470Z"}
{"level":"info","message":"status:PROBLEM#host:localhost#trigger:This is a test trigger#severity:DISASTER\r","timestamp":"2017-05-05T08:40:49.250Z"}
{"level":"info","message":"status:PROBLEM#host:localhost#trigger:This is a test trigger#severity:Disaster\r","timestamp":"2017-05-05T08:41:01.824Z"}
{"level":"info","message":"status:PROBLEM#host:localhost#trigger:This is a test trigger#severity:High\r","timestamp":"2017-05-05T08:41:08.501Z"}
{"level":"info","message":"status:PROBLEM#host:localhost#trigger:This is a test trigger#severity:Average\r","timestamp":"2017-05-05T08:41:14.475Z"}
{"level":"info","message":"status:PROBLEM#host:localhost#trigger:This is a test trigger#severity:Warning\r","timestamp":"2017-05-05T08:41:18.814Z"}
{"level":"info","message":"status:PROBLEM#host:localhost#trigger:This is a test trigger#severity:Information\r","timestamp":"2017-05-05T08:41:24.680Z"}
{"level":"info","message":"status:PROBLEM#host:localhost#trigger:This is a test trigger#severity:Information\r","timestamp":"2017-05-05T08:42:51.971Z"}
